<?xml version="1.0" encoding="UTF-8"?>
<testsuite name="test3" tests="1" skipped="0" failures="0" errors="0" timestamp="2020-03-25T23:00:40" hostname="Zarina-PC" time="10.439">
  <properties/>
  <testcase name="Test3" classname="test3" time="10.439"/>
  <system-out><![CDATA[]]></system-out>
  <system-err><![CDATA[SLF4J: Failed to load class "org.slf4j.impl.StaticLoggerBinder".
SLF4J: Defaulting to no-operation (NOP) logger implementation
SLF4J: See http://www.slf4j.org/codes.html#StaticLoggerBinder for further details.
Starting ChromeDriver 80.0.3987.106 (f68069574609230cf9b635cd784cfb1bf81bb53a-refs/branch-heads/3987@{#882}) on port 29690
Only local connections are allowed.
Please protect ports used by ChromeDriver and related test frameworks to prevent access by malicious code.
[1585177245.526][WARNING]: Timed out connecting to Chrome, retrying...
MÃ¤r 26, 2020 12:00:47 AM org.openqa.selenium.remote.ProtocolHandshake createSession
INFORMATION: Detected dialect: W3C
[1585177248.307][SEVERE]: Timed out receiving message from renderer: 0.100
]]></system-err>
</testsuite>
